[2024/8/13 23:05:51][INFO] 不存在 /home/dv/.config/QQ/versions/config.json，将自动创建。内容为：
{
  "baseVersion": "3.2.12-26909",
  "curVersion": "3.2.12-26909",
  "prevVersion": "",
  "onErrorVersions": [],
  "buildId": "26909",
  "unzipRetryCount": 0
}
[2024/8/13 23:05:51][INFO] launcherCounts 写入成功: 1
[2024/8/13 23:05:51][INFO] /home/dv/.config/QQ/versions/3.2.12-26909.zip 不存在，无需执行解压操作
[2024/8/13 23:05:51][INFO] 从安装目录加载主进程代码: /opt/QQ/resources/app/application/background.js
[2024/8/13 23:05:51][INFO] 
---------- 成功的分割线 ----------


[2024/8/13 23:18:44][INFO] /home/dv/.config/QQ/versions/config.json 存在
[2024/8/13 23:18:44][INFO] launcherCounts 写入成功: 1
[2024/8/13 23:18:44][INFO] /home/dv/.config/QQ/versions/3.2.12-26909.zip 不存在，无需执行解压操作
[2024/8/13 23:18:44][INFO] 从安装目录加载主进程代码: /opt/QQ/resources/app/application/background.js
[2024/8/13 23:18:44][INFO] 
---------- 成功的分割线 ----------


[2024/8/13 23:20:34][INFO] /home/dv/.config/QQ/versions/config.json 存在
[2024/8/13 23:20:34][INFO] launcherCounts 写入成功: 2
[2024/8/13 23:20:34][INFO] /home/dv/.config/QQ/versions/3.2.12-26909.zip 不存在，无需执行解压操作
[2024/8/13 23:20:34][INFO] 从安装目录加载主进程代码: /opt/QQ/resources/app/application/background.js
[2024/8/13 23:20:34][INFO] 
---------- 成功的分割线 ----------


[2024/8/13 23:47:52][INFO] /home/dv/.config/QQ/versions/config.json 存在
[2024/8/13 23:47:52][INFO] launcherCounts 写入成功: 1
[2024/8/13 23:47:52][INFO] /home/dv/.config/QQ/versions/3.2.12-26909.zip 不存在，无需执行解压操作
[2024/8/13 23:47:52][INFO] 从安装目录加载主进程代码: /opt/QQ/resources/app/application/background.js
[2024/8/13 23:47:52][INFO] 
---------- 成功的分割线 ----------


