[2024-08-13 23:08:31.324] [info]  [hot update] 

------------ app 启动分界线 ------------

[2024-08-13 23:08:31.337] [info]  [hot update] hotUpdateApi checkHasMultipleQQ:  false
[2024-08-13 23:08:31.338] [info]  [hot update] hotUpdateApi clearOldVersions start
[2024-08-13 23:08:31.339] [info]  [hot update] {
  "baseVersion": "3.2.12-26909",
  "curVersion": "3.2.12-26909",
  "prevVersion": "",
  "onErrorVersions": [],
  "buildId": "26909",
  "unzipRetryCount": 0
}
[2024-08-13 23:08:31.471] [info]  [hot update] ----- startUpdate -----
[2024-08-13 23:08:31.478] [info]  [hot update] hotUpdateApi checkHasMultipleQQ:  false
[2024-08-13 23:08:31.479] [info]  [hot update] hotUpdateApi start check  3.2.12-26909  IsOnErrorVersion
[2024-08-13 23:08:31.480] [info]  [hot update] hotUpdateApi checkIsOnErrorVersion result: false
[2024-08-13 23:08:31.481] [info]  [hot update] [startUpdate] 无需更新
[2024-08-13 23:11:05.507] [info]  [hot update] setLauncherCounts suc 0
[2024-08-13 23:19:03.471] [info]  [hot update] 

------------ app 启动分界线 ------------

[2024-08-13 23:19:03.488] [info]  [hot update] hotUpdateApi checkHasMultipleQQ:  false
[2024-08-13 23:19:03.489] [info]  [hot update] hotUpdateApi clearOldVersions start
[2024-08-13 23:19:03.491] [info]  [hot update] {
  "baseVersion": "3.2.12-26909",
  "curVersion": "3.2.12-26909",
  "prevVersion": "",
  "onErrorVersions": [],
  "buildId": "26909",
  "unzipRetryCount": 0
}
[2024-08-13 23:19:03.584] [info]  [hot update] ----- startUpdate -----
[2024-08-13 23:19:03.592] [info]  [hot update] hotUpdateApi checkHasMultipleQQ:  false
[2024-08-13 23:19:03.594] [info]  [hot update] hotUpdateApi start check  3.2.12-26909  IsOnErrorVersion
[2024-08-13 23:19:03.595] [info]  [hot update] hotUpdateApi checkIsOnErrorVersion result: false
[2024-08-13 23:19:03.596] [info]  [hot update] [startUpdate] 无需更新
[2024-08-13 23:20:50.712] [info]  [hot update] 

------------ app 启动分界线 ------------

[2024-08-13 23:20:50.728] [info]  [hot update] hotUpdateApi checkHasMultipleQQ:  false
[2024-08-13 23:20:50.729] [info]  [hot update] hotUpdateApi clearOldVersions start
[2024-08-13 23:20:50.730] [info]  [hot update] {
  "baseVersion": "3.2.12-26909",
  "curVersion": "3.2.12-26909",
  "prevVersion": "",
  "onErrorVersions": [],
  "buildId": "26909",
  "unzipRetryCount": 0
}
[2024-08-13 23:20:50.796] [info]  [hot update] ----- startUpdate -----
[2024-08-13 23:20:50.806] [info]  [hot update] hotUpdateApi checkHasMultipleQQ:  false
[2024-08-13 23:20:50.808] [info]  [hot update] hotUpdateApi start check  3.2.12-26909  IsOnErrorVersion
[2024-08-13 23:20:50.809] [info]  [hot update] hotUpdateApi checkIsOnErrorVersion result: false
[2024-08-13 23:20:50.810] [info]  [hot update] [startUpdate] 无需更新
[2024-08-13 23:47:29.065] [info]  [hot update] setLauncherCounts suc 0
[2024-08-13 23:48:13.795] [info]  [hot update] 

------------ app 启动分界线 ------------

[2024-08-13 23:48:13.812] [info]  [hot update] hotUpdateApi checkHasMultipleQQ:  false
[2024-08-13 23:48:13.813] [info]  [hot update] hotUpdateApi clearOldVersions start
[2024-08-13 23:48:13.814] [info]  [hot update] {
  "baseVersion": "3.2.12-26909",
  "curVersion": "3.2.12-26909",
  "prevVersion": "",
  "onErrorVersions": [],
  "buildId": "26909",
  "unzipRetryCount": 0
}
[2024-08-13 23:48:13.964] [info]  [hot update] ----- startUpdate -----
[2024-08-13 23:48:13.973] [info]  [hot update] hotUpdateApi checkHasMultipleQQ:  false
[2024-08-13 23:48:13.974] [info]  [hot update] hotUpdateApi start check  3.2.12-26909  IsOnErrorVersion
[2024-08-13 23:48:13.975] [info]  [hot update] hotUpdateApi checkIsOnErrorVersion result: false
[2024-08-13 23:48:13.976] [info]  [hot update] [startUpdate] 无需更新
[2024-08-14 00:48:13.994] [info]  [hot update] ----- startUpdate -----
[2024-08-14 00:48:14.001] [info]  [hot update] hotUpdateApi checkHasMultipleQQ:  false
[2024-08-14 00:48:14.003] [info]  [hot update] hotUpdateApi start check  3.2.12-26909  IsOnErrorVersion
[2024-08-14 00:48:14.003] [info]  [hot update] hotUpdateApi checkIsOnErrorVersion result: false
[2024-08-14 00:48:14.005] [info]  [hot update] [startUpdate] 无需更新
[2024-08-14 01:34:59.707] [info]  [hot update] setLauncherCounts suc 0
[2024-08-14 02:32:07.602] [info]  [hot update] 

------------ app 启动分界线 ------------

[2024-08-14 02:32:07.627] [info]  [hot update] hotUpdateApi checkHasMultipleQQ:  false
[2024-08-14 02:32:07.628] [info]  [hot update] hotUpdateApi clearOldVersions start
[2024-08-14 02:32:07.632] [info]  [hot update] {
  "baseVersion": "3.2.12-26909",
  "curVersion": "3.2.12-26909",
  "prevVersion": "",
  "onErrorVersions": [],
  "buildId": "26909",
  "unzipRetryCount": 0
}
[2024-08-14 02:32:07.733] [info]  [hot update] ----- startUpdate -----
[2024-08-14 02:32:07.742] [info]  [hot update] hotUpdateApi checkHasMultipleQQ:  false
[2024-08-14 02:32:07.743] [info]  [hot update] hotUpdateApi start check  3.2.12-26909  IsOnErrorVersion
[2024-08-14 02:32:07.744] [info]  [hot update] hotUpdateApi checkIsOnErrorVersion result: false
[2024-08-14 02:32:07.745] [info]  [hot update] [startUpdate] 无需更新
[2024-08-15 01:24:30.599] [info]  [hot update] setLauncherCounts suc 1
[2024-08-15 04:00:16.934] [info]  [hot update] 

------------ app 启动分界线 ------------

[2024-08-15 04:00:16.948] [info]  [hot update] hotUpdateApi checkHasMultipleQQ:  false
[2024-08-15 04:00:16.948] [info]  [hot update] hotUpdateApi clearOldVersions start
[2024-08-15 04:00:16.949] [info]  [hot update] {
  "baseVersion": "3.2.12-26909",
  "curVersion": "3.2.12-26909",
  "prevVersion": "",
  "onErrorVersions": [],
  "buildId": "26909",
  "unzipRetryCount": 0
}
[2024-08-15 04:00:17.087] [info]  [hot update] ----- startUpdate -----
[2024-08-15 04:00:17.094] [info]  [hot update] hotUpdateApi checkHasMultipleQQ:  false
[2024-08-15 04:00:17.095] [info]  [hot update] hotUpdateApi start check  3.2.12-26909  IsOnErrorVersion
[2024-08-15 04:00:17.095] [info]  [hot update] hotUpdateApi checkIsOnErrorVersion result: false
[2024-08-15 04:00:17.096] [info]  [hot update] [startUpdate] 无需更新
[2024-08-15 04:25:49.896] [info]  [hot update] setLauncherCounts suc 0
